<?xml version="1.0" encoding="UTF-8"?>
<!-- Generated by org.testng.reporters.JUnitReportReporter -->
<testsuite hostname="Aturti" failures="0" tests="1" name="Test_class.Post_test_class" time="8.019" errors="0" timestamp="2023-04-05T14:44:28 IST" skipped="0">
  <testcase classname="Test_class.Post_test_class" name="Orchestrator" time="8.019"/>
  <system-out/>
</testsuite> <!-- Test_class.Post_test_class -->
